0 info it worked if it ends with ok
1 verbose cli [ '/usr/local/bin/node',
1 verbose cli   '/usr/local/bin/npm',
1 verbose cli   'install',
1 verbose cli   '-g',
1 verbose cli   'node-static' ]
2 info using npm@3.10.7
3 info using node@v6.2.2
4 silly loadCurrentTree Starting
5 silly install loadCurrentTree
6 silly install readGlobalPackageData
7 silly fetchPackageMetaData node-static
8 silly fetchNamedPackageData node-static
9 silly mapToRegistry name node-static
10 silly mapToRegistry using default registry
11 silly mapToRegistry registry https://registry.npmjs.org/
12 silly mapToRegistry data Result {
12 silly mapToRegistry   raw: 'node-static',
12 silly mapToRegistry   scope: null,
12 silly mapToRegistry   escapedName: 'node-static',
12 silly mapToRegistry   name: 'node-static',
12 silly mapToRegistry   rawSpec: '',
12 silly mapToRegistry   spec: 'latest',
12 silly mapToRegistry   type: 'tag' }
13 silly mapToRegistry uri https://registry.npmjs.org/node-static
14 verbose request uri https://registry.npmjs.org/node-static
15 verbose request no auth needed
16 info attempt registry request try #1 at 6:37:57 PM
17 verbose request id 88978c6ba51392fc
18 http request GET https://registry.npmjs.org/node-static
19 http 200 https://registry.npmjs.org/node-static
20 verbose headers { server: 'CouchDB/1.5.0 (Erlang OTP/R16B03)',
20 verbose headers   etag: '"7NJOLBXNOPFS8NJZ3B9HP89QS"',
20 verbose headers   'content-type': 'application/json',
20 verbose headers   'content-encoding': 'gzip',
20 verbose headers   'cache-control': 'max-age=300',
20 verbose headers   'content-length': '5943',
20 verbose headers   'accept-ranges': 'bytes',
20 verbose headers   date: 'Thu, 25 Aug 2016 01:28:08 GMT',
20 verbose headers   via: '1.1 varnish',
20 verbose headers   age: '20',
20 verbose headers   connection: 'keep-alive',
20 verbose headers   'x-served-by': 'cache-lax1426-LAX',
20 verbose headers   'x-cache': 'HIT',
20 verbose headers   'x-cache-hits': '1',
20 verbose headers   'x-timer': 'S1472088488.095029,VS0,VE0',
20 verbose headers   vary: 'Accept-Encoding' }
21 silly get cb [ 200,
21 silly get   { server: 'CouchDB/1.5.0 (Erlang OTP/R16B03)',
21 silly get     etag: '"7NJOLBXNOPFS8NJZ3B9HP89QS"',
21 silly get     'content-type': 'application/json',
21 silly get     'content-encoding': 'gzip',
21 silly get     'cache-control': 'max-age=300',
21 silly get     'content-length': '5943',
21 silly get     'accept-ranges': 'bytes',
21 silly get     date: 'Thu, 25 Aug 2016 01:28:08 GMT',
21 silly get     via: '1.1 varnish',
21 silly get     age: '20',
21 silly get     connection: 'keep-alive',
21 silly get     'x-served-by': 'cache-lax1426-LAX',
21 silly get     'x-cache': 'HIT',
21 silly get     'x-cache-hits': '1',
21 silly get     'x-timer': 'S1472088488.095029,VS0,VE0',
21 silly get     vary: 'Accept-Encoding' } ]
22 verbose get saving node-static to /Users/martinjr/.npm/registry.npmjs.org/node-static/.cache.json
23 verbose correctMkdir /Users/martinjr/.npm correctMkdir not in flight; initializing
24 silly install normalizeTree
25 silly loadCurrentTree Finishing
26 silly loadIdealTree Starting
27 silly install loadIdealTree
28 silly cloneCurrentTree Starting
29 silly install cloneCurrentTreeToIdealTree
30 silly cloneCurrentTree Finishing
31 silly loadShrinkwrap Starting
32 silly install loadShrinkwrap
33 silly loadShrinkwrap Finishing
34 silly loadAllDepsIntoIdealTree Starting
35 silly install loadAllDepsIntoIdealTree
36 silly resolveWithNewModule node-static@0.7.8 checking installable status
37 silly cache add args [ 'node-static', null ]
38 verbose cache add spec node-static
39 silly cache add parsed spec Result {
39 silly cache add   raw: 'node-static',
39 silly cache add   scope: null,
39 silly cache add   escapedName: 'node-static',
39 silly cache add   name: 'node-static',
39 silly cache add   rawSpec: '',
39 silly cache add   spec: 'latest',
39 silly cache add   type: 'tag' }
40 silly addNamed node-static@latest
41 verbose addNamed "latest" is being treated as a dist-tag for node-static
42 info addNameTag [ 'node-static', 'latest' ]
43 silly mapToRegistry name node-static
44 silly mapToRegistry using default registry
45 silly mapToRegistry registry https://registry.npmjs.org/
46 silly mapToRegistry data Result {
46 silly mapToRegistry   raw: 'node-static',
46 silly mapToRegistry   scope: null,
46 silly mapToRegistry   escapedName: 'node-static',
46 silly mapToRegistry   name: 'node-static',
46 silly mapToRegistry   rawSpec: '',
46 silly mapToRegistry   spec: 'latest',
46 silly mapToRegistry   type: 'tag' }
47 silly mapToRegistry uri https://registry.npmjs.org/node-static
48 verbose addNameTag registry:https://registry.npmjs.org/node-static not in flight; fetching
49 verbose get https://registry.npmjs.org/node-static not expired, no request
50 silly addNameTag next cb for node-static with tag latest
51 silly addNamed node-static@0.7.8
52 verbose addNamed "0.7.8" is a plain semver version for node-static
53 silly mapToRegistry name node-static
54 silly mapToRegistry using default registry
55 silly mapToRegistry registry https://registry.npmjs.org/
56 silly mapToRegistry data Result {
56 silly mapToRegistry   raw: 'node-static',
56 silly mapToRegistry   scope: null,
56 silly mapToRegistry   escapedName: 'node-static',
56 silly mapToRegistry   name: 'node-static',
56 silly mapToRegistry   rawSpec: '',
56 silly mapToRegistry   spec: 'latest',
56 silly mapToRegistry   type: 'tag' }
57 silly mapToRegistry uri https://registry.npmjs.org/node-static
58 verbose addRemoteTarball https://registry.npmjs.org/node-static/-/node-static-0.7.8.tgz not in flight; adding
59 verbose addRemoteTarball [ 'https://registry.npmjs.org/node-static/-/node-static-0.7.8.tgz',
59 verbose addRemoteTarball   '1bda27c8ef5aef33136784af897bc1a4d3c5b2ee' ]
60 info retry fetch attempt 1 at 6:37:58 PM
61 info attempt registry request try #1 at 6:37:58 PM
62 http fetch GET https://registry.npmjs.org/node-static/-/node-static-0.7.8.tgz
63 http fetch 200 https://registry.npmjs.org/node-static/-/node-static-0.7.8.tgz
64 silly fetchAndShaCheck shasum 1bda27c8ef5aef33136784af897bc1a4d3c5b2ee
65 verbose addTmpTarball /var/folders/2v/qsjftzc97k9825gxdg8s3gjh0000gn/T/npm-710-c47d835d/registry.npmjs.org/node-static/-/node-static-0.7.8.tgz not in flight; adding
66 verbose addTmpTarball already have metadata; skipping unpack for node-static@0.7.8
67 verbose correctMkdir /Users/martinjr/.npm correctMkdir not in flight; initializing
68 silly cache afterAdd node-static@0.7.8
69 verbose afterAdd /Users/martinjr/.npm/node-static/0.7.8/package/package.json not in flight; writing
70 verbose correctMkdir /Users/martinjr/.npm correctMkdir not in flight; initializing
71 verbose afterAdd /Users/martinjr/.npm/node-static/0.7.8/package/package.json written
72 silly fetchNamedPackageData optimist
73 silly mapToRegistry name optimist
74 silly mapToRegistry using default registry
75 silly mapToRegistry registry https://registry.npmjs.org/
76 silly mapToRegistry data Result {
76 silly mapToRegistry   raw: 'optimist',
76 silly mapToRegistry   scope: null,
76 silly mapToRegistry   escapedName: 'optimist',
76 silly mapToRegistry   name: 'optimist',
76 silly mapToRegistry   rawSpec: '',
76 silly mapToRegistry   spec: 'latest',
76 silly mapToRegistry   type: 'tag' }
77 silly mapToRegistry uri https://registry.npmjs.org/optimist
78 silly fetchNamedPackageData colors
79 silly mapToRegistry name colors
80 silly mapToRegistry using default registry
81 silly mapToRegistry registry https://registry.npmjs.org/
82 silly mapToRegistry data Result {
82 silly mapToRegistry   raw: 'colors',
82 silly mapToRegistry   scope: null,
82 silly mapToRegistry   escapedName: 'colors',
82 silly mapToRegistry   name: 'colors',
82 silly mapToRegistry   rawSpec: '',
82 silly mapToRegistry   spec: 'latest',
82 silly mapToRegistry   type: 'tag' }
83 silly mapToRegistry uri https://registry.npmjs.org/colors
84 silly fetchNamedPackageData mime
85 silly mapToRegistry name mime
86 silly mapToRegistry using default registry
87 silly mapToRegistry registry https://registry.npmjs.org/
88 silly mapToRegistry data Result {
88 silly mapToRegistry   raw: 'mime',
88 silly mapToRegistry   scope: null,
88 silly mapToRegistry   escapedName: 'mime',
88 silly mapToRegistry   name: 'mime',
88 silly mapToRegistry   rawSpec: '',
88 silly mapToRegistry   spec: 'latest',
88 silly mapToRegistry   type: 'tag' }
89 silly mapToRegistry uri https://registry.npmjs.org/mime
90 verbose request uri https://registry.npmjs.org/optimist
91 verbose request no auth needed
92 info attempt registry request try #1 at 6:37:58 PM
93 verbose etag "7IHS3R37PCSG7HB9VTD0CBAIG"
94 http request GET https://registry.npmjs.org/optimist
95 verbose request uri https://registry.npmjs.org/mime
96 verbose request no auth needed
97 info attempt registry request try #1 at 6:37:58 PM
98 verbose etag "7V8ATNV70Z0P69FM1KT5I71ZG"
99 http request GET https://registry.npmjs.org/mime
100 http 304 https://registry.npmjs.org/optimist
101 verbose headers { date: 'Thu, 25 Aug 2016 01:28:08 GMT',
101 verbose headers   via: '1.1 varnish',
101 verbose headers   'cache-control': 'max-age=300',
101 verbose headers   etag: '"7IHS3R37PCSG7HB9VTD0CBAIG"',
101 verbose headers   age: '206',
101 verbose headers   connection: 'keep-alive',
101 verbose headers   'x-served-by': 'cache-lax1426-LAX',
101 verbose headers   'x-cache': 'HIT',
101 verbose headers   'x-cache-hits': '5',
101 verbose headers   'x-timer': 'S1472088488.408495,VS0,VE0',
101 verbose headers   vary: 'Accept-Encoding' }
102 silly get cb [ 304,
102 silly get   { date: 'Thu, 25 Aug 2016 01:28:08 GMT',
102 silly get     via: '1.1 varnish',
102 silly get     'cache-control': 'max-age=300',
102 silly get     etag: '"7IHS3R37PCSG7HB9VTD0CBAIG"',
102 silly get     age: '206',
102 silly get     connection: 'keep-alive',
102 silly get     'x-served-by': 'cache-lax1426-LAX',
102 silly get     'x-cache': 'HIT',
102 silly get     'x-cache-hits': '5',
102 silly get     'x-timer': 'S1472088488.408495,VS0,VE0',
102 silly get     vary: 'Accept-Encoding' } ]
103 verbose etag https://registry.npmjs.org/optimist from cache
104 verbose get saving optimist to /Users/martinjr/.npm/registry.npmjs.org/optimist/.cache.json
105 verbose correctMkdir /Users/martinjr/.npm correctMkdir not in flight; initializing
106 verbose request uri https://registry.npmjs.org/colors
107 verbose request no auth needed
108 info attempt registry request try #1 at 6:37:58 PM
109 verbose etag "3L35RTEOQZPYFO2TACEMHG3RZ"
110 http request GET https://registry.npmjs.org/colors
111 http 200 https://registry.npmjs.org/colors
112 verbose headers { server: 'CouchDB/1.5.0 (Erlang OTP/R16B03)',
112 verbose headers   etag: '"4UCBNQBNL2AATT1XM7RI5W4L0"',
112 verbose headers   'content-type': 'application/json',
112 verbose headers   'content-encoding': 'gzip',
112 verbose headers   'cache-control': 'max-age=300',
112 verbose headers   'content-length': '6085',
112 verbose headers   'accept-ranges': 'bytes',
112 verbose headers   date: 'Thu, 25 Aug 2016 01:28:08 GMT',
112 verbose headers   via: '1.1 varnish',
112 verbose headers   age: '242',
112 verbose headers   connection: 'keep-alive',
112 verbose headers   'x-served-by': 'cache-lax1426-LAX',
112 verbose headers   'x-cache': 'HIT',
112 verbose headers   'x-cache-hits': '3',
112 verbose headers   'x-timer': 'S1472088488.446528,VS0,VE0',
112 verbose headers   vary: 'Accept-Encoding' }
113 silly get cb [ 200,
113 silly get   { server: 'CouchDB/1.5.0 (Erlang OTP/R16B03)',
113 silly get     etag: '"4UCBNQBNL2AATT1XM7RI5W4L0"',
113 silly get     'content-type': 'application/json',
113 silly get     'content-encoding': 'gzip',
113 silly get     'cache-control': 'max-age=300',
113 silly get     'content-length': '6085',
113 silly get     'accept-ranges': 'bytes',
113 silly get     date: 'Thu, 25 Aug 2016 01:28:08 GMT',
113 silly get     via: '1.1 varnish',
113 silly get     age: '242',
113 silly get     connection: 'keep-alive',
113 silly get     'x-served-by': 'cache-lax1426-LAX',
113 silly get     'x-cache': 'HIT',
113 silly get     'x-cache-hits': '3',
113 silly get     'x-timer': 'S1472088488.446528,VS0,VE0',
113 silly get     vary: 'Accept-Encoding' } ]
114 verbose get saving colors to /Users/martinjr/.npm/registry.npmjs.org/colors/.cache.json
115 verbose correctMkdir /Users/martinjr/.npm correctMkdir not in flight; initializing
116 silly resolveWithNewModule optimist@0.6.1 checking installable status
117 silly cache add args [ 'optimist@>=0.3.4', null ]
118 verbose cache add spec optimist@>=0.3.4
119 silly cache add parsed spec Result {
119 silly cache add   raw: 'optimist@>=0.3.4',
119 silly cache add   scope: null,
119 silly cache add   escapedName: 'optimist',
119 silly cache add   name: 'optimist',
119 silly cache add   rawSpec: '>=0.3.4',
119 silly cache add   spec: '>=0.3.4',
119 silly cache add   type: 'range' }
120 silly addNamed optimist@>=0.3.4
121 verbose addNamed ">=0.3.4" is a valid semver range for optimist
122 silly addNameRange { name: 'optimist', range: '>=0.3.4', hasData: false }
123 silly mapToRegistry name optimist
124 silly mapToRegistry using default registry
125 silly mapToRegistry registry https://registry.npmjs.org/
126 silly mapToRegistry data Result {
126 silly mapToRegistry   raw: 'optimist',
126 silly mapToRegistry   scope: null,
126 silly mapToRegistry   escapedName: 'optimist',
126 silly mapToRegistry   name: 'optimist',
126 silly mapToRegistry   rawSpec: '',
126 silly mapToRegistry   spec: 'latest',
126 silly mapToRegistry   type: 'tag' }
127 silly mapToRegistry uri https://registry.npmjs.org/optimist
128 verbose addNameRange registry:https://registry.npmjs.org/optimist not in flight; fetching
129 verbose get https://registry.npmjs.org/optimist not expired, no request
130 silly addNameRange number 2 { name: 'optimist', range: '>=0.3.4', hasData: true }
131 silly addNameRange versions [ 'optimist',
131 silly addNameRange   [ '0.0.1',
131 silly addNameRange     '0.0.2',
131 silly addNameRange     '0.0.4',
131 silly addNameRange     '0.0.5',
131 silly addNameRange     '0.0.6',
131 silly addNameRange     '0.0.7',
131 silly addNameRange     '0.1.0',
131 silly addNameRange     '0.1.1',
131 silly addNameRange     '0.1.2',
131 silly addNameRange     '0.1.3',
131 silly addNameRange     '0.1.4',
131 silly addNameRange     '0.1.5',
131 silly addNameRange     '0.1.6',
131 silly addNameRange     '0.1.7',
131 silly addNameRange     '0.1.8',
131 silly addNameRange     '0.1.9',
131 silly addNameRange     '0.0.3',
131 silly addNameRange     '0.2.0',
131 silly addNameRange     '0.2.1',
131 silly addNameRange     '0.2.2',
131 silly addNameRange     '0.2.3',
131 silly addNameRange     '0.2.4',
131 silly addNameRange     '0.2.5',
131 silly addNameRange     '0.2.6',
131 silly addNameRange     '0.2.7',
131 silly addNameRange     '0.2.8',
131 silly addNameRange     '0.3.0',
131 silly addNameRange     '0.3.1',
131 silly addNameRange     '0.3.3',
131 silly addNameRange     '0.3.4',
131 silly addNameRange     '0.3.5',
131 silly addNameRange     '0.3.6',
131 silly addNameRange     '0.3.7',
131 silly addNameRange     '0.4.0',
131 silly addNameRange     '0.5.0',
131 silly addNameRange     '0.5.1',
131 silly addNameRange     '0.5.2',
131 silly addNameRange     '0.6.0',
131 silly addNameRange     '0.6.1' ] ]
132 silly addNamed optimist@0.6.1
133 verbose addNamed "0.6.1" is a plain semver version for optimist
134 http 304 https://registry.npmjs.org/mime
135 verbose headers { date: 'Thu, 25 Aug 2016 01:28:08 GMT',
135 verbose headers   via: '1.1 varnish',
135 verbose headers   'cache-control': 'max-age=300',
135 verbose headers   etag: '"7V8ATNV70Z0P69FM1KT5I71ZG"',
135 verbose headers   age: '195',
135 verbose headers   connection: 'keep-alive',
135 verbose headers   'x-served-by': 'cache-lax1431-LAX',
135 verbose headers   'x-cache': 'HIT',
135 verbose headers   'x-cache-hits': '2',
135 verbose headers   'x-timer': 'S1472088488.499703,VS0,VE0',
135 verbose headers   vary: 'Accept-Encoding' }
136 silly get cb [ 304,
136 silly get   { date: 'Thu, 25 Aug 2016 01:28:08 GMT',
136 silly get     via: '1.1 varnish',
136 silly get     'cache-control': 'max-age=300',
136 silly get     etag: '"7V8ATNV70Z0P69FM1KT5I71ZG"',
136 silly get     age: '195',
136 silly get     connection: 'keep-alive',
136 silly get     'x-served-by': 'cache-lax1431-LAX',
136 silly get     'x-cache': 'HIT',
136 silly get     'x-cache-hits': '2',
136 silly get     'x-timer': 'S1472088488.499703,VS0,VE0',
136 silly get     vary: 'Accept-Encoding' } ]
137 verbose etag https://registry.npmjs.org/mime from cache
138 verbose get saving mime to /Users/martinjr/.npm/registry.npmjs.org/mime/.cache.json
139 verbose correctMkdir /Users/martinjr/.npm correctMkdir not in flight; initializing
140 silly resolveWithNewModule colors@1.1.2 checking installable status
141 silly cache add args [ 'colors@>=0.6.0', null ]
142 verbose cache add spec colors@>=0.6.0
143 silly cache add parsed spec Result {
143 silly cache add   raw: 'colors@>=0.6.0',
143 silly cache add   scope: null,
143 silly cache add   escapedName: 'colors',
143 silly cache add   name: 'colors',
143 silly cache add   rawSpec: '>=0.6.0',
143 silly cache add   spec: '>=0.6.0',
143 silly cache add   type: 'range' }
144 silly addNamed colors@>=0.6.0
145 verbose addNamed ">=0.6.0" is a valid semver range for colors
146 silly addNameRange { name: 'colors', range: '>=0.6.0', hasData: false }
147 silly mapToRegistry name colors
148 silly mapToRegistry using default registry
149 silly mapToRegistry registry https://registry.npmjs.org/
150 silly mapToRegistry data Result {
150 silly mapToRegistry   raw: 'colors',
150 silly mapToRegistry   scope: null,
150 silly mapToRegistry   escapedName: 'colors',
150 silly mapToRegistry   name: 'colors',
150 silly mapToRegistry   rawSpec: '',
150 silly mapToRegistry   spec: 'latest',
150 silly mapToRegistry   type: 'tag' }
151 silly mapToRegistry uri https://registry.npmjs.org/colors
152 verbose addNameRange registry:https://registry.npmjs.org/colors not in flight; fetching
153 silly cache afterAdd optimist@0.6.1
154 verbose afterAdd /Users/martinjr/.npm/optimist/0.6.1/package/package.json not in flight; writing
155 verbose correctMkdir /Users/martinjr/.npm correctMkdir not in flight; initializing
156 silly resolveWithNewModule mime@1.3.4 checking installable status
157 silly cache add args [ 'mime@>=1.2.9', null ]
158 verbose cache add spec mime@>=1.2.9
159 silly cache add parsed spec Result {
159 silly cache add   raw: 'mime@>=1.2.9',
159 silly cache add   scope: null,
159 silly cache add   escapedName: 'mime',
159 silly cache add   name: 'mime',
159 silly cache add   rawSpec: '>=1.2.9',
159 silly cache add   spec: '>=1.2.9',
159 silly cache add   type: 'range' }
160 silly addNamed mime@>=1.2.9
161 verbose addNamed ">=1.2.9" is a valid semver range for mime
162 silly addNameRange { name: 'mime', range: '>=1.2.9', hasData: false }
163 silly mapToRegistry name mime
164 silly mapToRegistry using default registry
165 silly mapToRegistry registry https://registry.npmjs.org/
166 silly mapToRegistry data Result {
166 silly mapToRegistry   raw: 'mime',
166 silly mapToRegistry   scope: null,
166 silly mapToRegistry   escapedName: 'mime',
166 silly mapToRegistry   name: 'mime',
166 silly mapToRegistry   rawSpec: '',
166 silly mapToRegistry   spec: 'latest',
166 silly mapToRegistry   type: 'tag' }
167 silly mapToRegistry uri https://registry.npmjs.org/mime
168 verbose addNameRange registry:https://registry.npmjs.org/mime not in flight; fetching
169 verbose get https://registry.npmjs.org/colors not expired, no request
170 silly addNameRange number 2 { name: 'colors', range: '>=0.6.0', hasData: true }
171 silly addNameRange versions [ 'colors',
171 silly addNameRange   [ '0.3.0',
171 silly addNameRange     '0.5.0',
171 silly addNameRange     '0.5.1',
171 silly addNameRange     '0.6.0',
171 silly addNameRange     '0.6.0-1',
171 silly addNameRange     '0.6.1',
171 silly addNameRange     '0.6.2',
171 silly addNameRange     '1.0.0',
171 silly addNameRange     '1.0.1',
171 silly addNameRange     '1.0.2',
171 silly addNameRange     '1.0.3',
171 silly addNameRange     '1.1.0',
171 silly addNameRange     '1.1.1',
171 silly addNameRange     '1.1.2' ] ]
172 silly addNamed colors@1.1.2
173 verbose addNamed "1.1.2" is a plain semver version for colors
174 verbose get https://registry.npmjs.org/mime not expired, no request
175 silly addNameRange number 2 { name: 'mime', range: '>=1.2.9', hasData: true }
176 silly addNameRange versions [ 'mime',
176 silly addNameRange   [ '1.0.0',
176 silly addNameRange     '1.1.0',
176 silly addNameRange     '1.2.1',
176 silly addNameRange     '1.2.2',
176 silly addNameRange     '1.2.3',
176 silly addNameRange     '1.2.4',
176 silly addNameRange     '1.2.5',
176 silly addNameRange     '1.2.6',
176 silly addNameRange     '1.2.7',
176 silly addNameRange     '1.2.8',
176 silly addNameRange     '1.2.9',
176 silly addNameRange     '1.2.10',
176 silly addNameRange     '1.2.11',
176 silly addNameRange     '1.3.0',
176 silly addNameRange     '1.3.2',
176 silly addNameRange     '1.3.3',
176 silly addNameRange     '1.3.4' ] ]
177 silly addNamed mime@1.3.4
178 verbose addNamed "1.3.4" is a plain semver version for mime
179 verbose afterAdd /Users/martinjr/.npm/optimist/0.6.1/package/package.json written
180 silly cache afterAdd mime@1.3.4
181 verbose afterAdd /Users/martinjr/.npm/mime/1.3.4/package/package.json not in flight; writing
182 verbose correctMkdir /Users/martinjr/.npm correctMkdir not in flight; initializing
183 verbose afterAdd /Users/martinjr/.npm/mime/1.3.4/package/package.json written
184 silly cache afterAdd colors@1.1.2
185 verbose afterAdd /Users/martinjr/.npm/colors/1.1.2/package/package.json not in flight; writing
186 verbose correctMkdir /Users/martinjr/.npm correctMkdir not in flight; initializing
187 verbose afterAdd /Users/martinjr/.npm/colors/1.1.2/package/package.json written
188 silly fetchNamedPackageData wordwrap
189 silly mapToRegistry name wordwrap
190 silly mapToRegistry using default registry
191 silly mapToRegistry registry https://registry.npmjs.org/
192 silly mapToRegistry data Result {
192 silly mapToRegistry   raw: 'wordwrap',
192 silly mapToRegistry   scope: null,
192 silly mapToRegistry   escapedName: 'wordwrap',
192 silly mapToRegistry   name: 'wordwrap',
192 silly mapToRegistry   rawSpec: '',
192 silly mapToRegistry   spec: 'latest',
192 silly mapToRegistry   type: 'tag' }
193 silly mapToRegistry uri https://registry.npmjs.org/wordwrap
194 silly fetchNamedPackageData minimist
195 silly mapToRegistry name minimist
196 silly mapToRegistry using default registry
197 silly mapToRegistry registry https://registry.npmjs.org/
198 silly mapToRegistry data Result {
198 silly mapToRegistry   raw: 'minimist',
198 silly mapToRegistry   scope: null,
198 silly mapToRegistry   escapedName: 'minimist',
198 silly mapToRegistry   name: 'minimist',
198 silly mapToRegistry   rawSpec: '',
198 silly mapToRegistry   spec: 'latest',
198 silly mapToRegistry   type: 'tag' }
199 silly mapToRegistry uri https://registry.npmjs.org/minimist
200 verbose request uri https://registry.npmjs.org/minimist
201 verbose request no auth needed
202 info attempt registry request try #1 at 6:37:58 PM
203 verbose etag "9LRINZOFNBDP5SP79900ZISC3"
204 http request GET https://registry.npmjs.org/minimist
205 verbose request uri https://registry.npmjs.org/wordwrap
206 verbose request no auth needed
207 info attempt registry request try #1 at 6:37:58 PM
208 verbose etag "569DKQBV6UAUGE684ZCXW002L"
209 http request GET https://registry.npmjs.org/wordwrap
210 http 200 https://registry.npmjs.org/minimist
211 verbose headers { server: 'CouchDB/1.6.1 (Erlang OTP/R16B03)',
211 verbose headers   etag: '"223MKZR1HCY6J6A33C9LXOOTX"',
211 verbose headers   'content-type': 'application/json',
211 verbose headers   'content-encoding': 'gzip',
211 verbose headers   'cache-control': 'max-age=300',
211 verbose headers   'content-length': '5653',
211 verbose headers   'accept-ranges': 'bytes',
211 verbose headers   date: 'Thu, 25 Aug 2016 01:28:08 GMT',
211 verbose headers   via: '1.1 varnish',
211 verbose headers   age: '107',
211 verbose headers   connection: 'keep-alive',
211 verbose headers   'x-served-by': 'cache-lax1426-LAX',
211 verbose headers   'x-cache': 'HIT',
211 verbose headers   'x-cache-hits': '5',
211 verbose headers   'x-timer': 'S1472088488.723612,VS0,VE0',
211 verbose headers   vary: 'Accept-Encoding' }
212 silly get cb [ 200,
212 silly get   { server: 'CouchDB/1.6.1 (Erlang OTP/R16B03)',
212 silly get     etag: '"223MKZR1HCY6J6A33C9LXOOTX"',
212 silly get     'content-type': 'application/json',
212 silly get     'content-encoding': 'gzip',
212 silly get     'cache-control': 'max-age=300',
212 silly get     'content-length': '5653',
212 silly get     'accept-ranges': 'bytes',
212 silly get     date: 'Thu, 25 Aug 2016 01:28:08 GMT',
212 silly get     via: '1.1 varnish',
212 silly get     age: '107',
212 silly get     connection: 'keep-alive',
212 silly get     'x-served-by': 'cache-lax1426-LAX',
212 silly get     'x-cache': 'HIT',
212 silly get     'x-cache-hits': '5',
212 silly get     'x-timer': 'S1472088488.723612,VS0,VE0',
212 silly get     vary: 'Accept-Encoding' } ]
213 verbose get saving minimist to /Users/martinjr/.npm/registry.npmjs.org/minimist/.cache.json
214 verbose correctMkdir /Users/martinjr/.npm correctMkdir not in flight; initializing
215 http 304 https://registry.npmjs.org/wordwrap
216 verbose headers { date: 'Thu, 25 Aug 2016 01:28:08 GMT',
216 verbose headers   via: '1.1 varnish',
216 verbose headers   'cache-control': 'max-age=300',
216 verbose headers   etag: '"569DKQBV6UAUGE684ZCXW002L"',
216 verbose headers   age: '119',
216 verbose headers   connection: 'keep-alive',
216 verbose headers   'x-served-by': 'cache-lax1431-LAX',
216 verbose headers   'x-cache': 'HIT',
216 verbose headers   'x-cache-hits': '5',
216 verbose headers   'x-timer': 'S1472088488.740640,VS0,VE0',
216 verbose headers   vary: 'Accept-Encoding' }
217 silly get cb [ 304,
217 silly get   { date: 'Thu, 25 Aug 2016 01:28:08 GMT',
217 silly get     via: '1.1 varnish',
217 silly get     'cache-control': 'max-age=300',
217 silly get     etag: '"569DKQBV6UAUGE684ZCXW002L"',
217 silly get     age: '119',
217 silly get     connection: 'keep-alive',
217 silly get     'x-served-by': 'cache-lax1431-LAX',
217 silly get     'x-cache': 'HIT',
217 silly get     'x-cache-hits': '5',
217 silly get     'x-timer': 'S1472088488.740640,VS0,VE0',
217 silly get     vary: 'Accept-Encoding' } ]
218 verbose etag https://registry.npmjs.org/wordwrap from cache
219 verbose get saving wordwrap to /Users/martinjr/.npm/registry.npmjs.org/wordwrap/.cache.json
220 verbose correctMkdir /Users/martinjr/.npm correctMkdir not in flight; initializing
221 silly resolveWithNewModule minimist@0.0.10 checking installable status
222 silly cache add args [ 'minimist@~0.0.1', null ]
223 verbose cache add spec minimist@~0.0.1
224 silly cache add parsed spec Result {
224 silly cache add   raw: 'minimist@~0.0.1',
224 silly cache add   scope: null,
224 silly cache add   escapedName: 'minimist',
224 silly cache add   name: 'minimist',
224 silly cache add   rawSpec: '~0.0.1',
224 silly cache add   spec: '>=0.0.1 <0.1.0',
224 silly cache add   type: 'range' }
225 silly addNamed minimist@>=0.0.1 <0.1.0
226 verbose addNamed ">=0.0.1 <0.1.0" is a valid semver range for minimist
227 silly addNameRange { name: 'minimist', range: '>=0.0.1 <0.1.0', hasData: false }
228 silly mapToRegistry name minimist
229 silly mapToRegistry using default registry
230 silly mapToRegistry registry https://registry.npmjs.org/
231 silly mapToRegistry data Result {
231 silly mapToRegistry   raw: 'minimist',
231 silly mapToRegistry   scope: null,
231 silly mapToRegistry   escapedName: 'minimist',
231 silly mapToRegistry   name: 'minimist',
231 silly mapToRegistry   rawSpec: '',
231 silly mapToRegistry   spec: 'latest',
231 silly mapToRegistry   type: 'tag' }
232 silly mapToRegistry uri https://registry.npmjs.org/minimist
233 verbose addNameRange registry:https://registry.npmjs.org/minimist not in flight; fetching
234 silly resolveWithNewModule wordwrap@0.0.3 checking installable status
235 silly cache add args [ 'wordwrap@~0.0.2', null ]
236 verbose cache add spec wordwrap@~0.0.2
237 silly cache add parsed spec Result {
237 silly cache add   raw: 'wordwrap@~0.0.2',
237 silly cache add   scope: null,
237 silly cache add   escapedName: 'wordwrap',
237 silly cache add   name: 'wordwrap',
237 silly cache add   rawSpec: '~0.0.2',
237 silly cache add   spec: '>=0.0.2 <0.1.0',
237 silly cache add   type: 'range' }
238 silly addNamed wordwrap@>=0.0.2 <0.1.0
239 verbose addNamed ">=0.0.2 <0.1.0" is a valid semver range for wordwrap
240 silly addNameRange { name: 'wordwrap', range: '>=0.0.2 <0.1.0', hasData: false }
241 silly mapToRegistry name wordwrap
242 silly mapToRegistry using default registry
243 silly mapToRegistry registry https://registry.npmjs.org/
244 silly mapToRegistry data Result {
244 silly mapToRegistry   raw: 'wordwrap',
244 silly mapToRegistry   scope: null,
244 silly mapToRegistry   escapedName: 'wordwrap',
244 silly mapToRegistry   name: 'wordwrap',
244 silly mapToRegistry   rawSpec: '',
244 silly mapToRegistry   spec: 'latest',
244 silly mapToRegistry   type: 'tag' }
245 silly mapToRegistry uri https://registry.npmjs.org/wordwrap
246 verbose addNameRange registry:https://registry.npmjs.org/wordwrap not in flight; fetching
247 verbose get https://registry.npmjs.org/minimist not expired, no request
248 silly addNameRange number 2 { name: 'minimist', range: '>=0.0.1 <0.1.0', hasData: true }
249 silly addNameRange versions [ 'minimist',
249 silly addNameRange   [ '0.0.0',
249 silly addNameRange     '0.0.1',
249 silly addNameRange     '0.0.2',
249 silly addNameRange     '0.0.3',
249 silly addNameRange     '0.0.4',
249 silly addNameRange     '0.0.5',
249 silly addNameRange     '0.0.6',
249 silly addNameRange     '0.0.7',
249 silly addNameRange     '0.0.8',
249 silly addNameRange     '0.0.9',
249 silly addNameRange     '0.0.10',
249 silly addNameRange     '0.1.0',
249 silly addNameRange     '0.2.0',
249 silly addNameRange     '1.0.0',
249 silly addNameRange     '1.1.0',
249 silly addNameRange     '1.1.1',
249 silly addNameRange     '1.1.2',
249 silly addNameRange     '1.1.3',
249 silly addNameRange     '1.2.0' ] ]
250 silly addNamed minimist@0.0.10
251 verbose addNamed "0.0.10" is a plain semver version for minimist
252 verbose get https://registry.npmjs.org/wordwrap not expired, no request
253 silly addNameRange number 2 { name: 'wordwrap', range: '>=0.0.2 <0.1.0', hasData: true }
254 silly addNameRange versions [ 'wordwrap', [ '0.0.1', '0.0.2', '0.0.3', '1.0.0' ] ]
255 silly addNamed wordwrap@0.0.3
256 verbose addNamed "0.0.3" is a plain semver version for wordwrap
257 silly cache afterAdd minimist@0.0.10
258 verbose afterAdd /Users/martinjr/.npm/minimist/0.0.10/package/package.json not in flight; writing
259 verbose correctMkdir /Users/martinjr/.npm correctMkdir not in flight; initializing
260 silly cache afterAdd wordwrap@0.0.3
261 verbose afterAdd /Users/martinjr/.npm/wordwrap/0.0.3/package/package.json not in flight; writing
262 verbose correctMkdir /Users/martinjr/.npm correctMkdir not in flight; initializing
263 verbose afterAdd /Users/martinjr/.npm/minimist/0.0.10/package/package.json written
264 verbose afterAdd /Users/martinjr/.npm/wordwrap/0.0.3/package/package.json written
265 silly loadAllDepsIntoIdealTree Finishing
266 silly loadIdealTree Finishing
267 silly currentTree lib
268 silly idealTree lib
268 silly idealTree └─┬ node-static@0.7.8
268 silly idealTree   ├── colors@1.1.2
268 silly idealTree   ├── mime@1.3.4
268 silly idealTree   ├── minimist@0.0.10
268 silly idealTree   ├── optimist@0.6.1
268 silly idealTree   └── wordwrap@0.0.3
269 silly generateActionsToTake Starting
270 silly install generateActionsToTake
271 warn checkPermissions Missing write access to /usr/local/lib/node_modules
272 silly rollbackFailedOptional Starting
273 silly rollbackFailedOptional Finishing
274 silly runTopLevelLifecycles Finishing
275 silly install printInstalled
276 verbose stack Error: EACCES: permission denied, access '/usr/local/lib/node_modules'
276 verbose stack     at Error (native)
277 verbose cwd /Users/martinjr/Desktop/military-families
278 error Darwin 15.6.0
279 error argv "/usr/local/bin/node" "/usr/local/bin/npm" "install" "-g" "node-static"
280 error node v6.2.2
281 error npm  v3.10.7
282 error path /usr/local/lib/node_modules
283 error code EACCES
284 error errno -13
285 error syscall access
286 error Error: EACCES: permission denied, access '/usr/local/lib/node_modules'
286 error     at Error (native)
286 error  { Error: EACCES: permission denied, access '/usr/local/lib/node_modules'
286 error     at Error (native)
286 error   errno: -13,
286 error   code: 'EACCES',
286 error   syscall: 'access',
286 error   path: '/usr/local/lib/node_modules' }
287 error Please try running this command again as root/Administrator.
288 verbose exit [ -13, true ]
